Build started 28.03.2014 14:45:41.
     1>Project "C:\Users\ANDREY\Documents\Visual Studio 2010\Projects\TRACKERS\MultitargetTracker4\vs2010\ObjectTracker.vcxproj" on node 2 (build target(s)).
     1>InitializeBuildStatus:
         Creating "ObjectTracker.dir\Release\ObjectTracker.unsuccessfulbuild" because "AlwaysCreate" was specified.
       CustomBuild:
         All outputs are up-to-date.
       ClCompile:
         C:\Program Files (x86)\Microsoft Visual Studio 10.0\VC\bin\x86_amd64\CL.exe /c /I"C:/Users/ANDREY/Documents/Visual Studio 2010/Projects/TRACKERS/MultitargetTracker4" /I"C:/Users/ANDREY/Documents/Visual Studio 2010/Projects/Opencv_64" /I"C:/Users/ANDREY/Documents/opencv-master/include" /I"C:/Users/ANDREY/Documents/opencv-master/include/opencv" /I"C:/Users/ANDREY/Documents/opencv-master/modules/cudev/include" /I"C:/Users/ANDREY/Documents/opencv-master/modules/core/include" /I"C:/Users/ANDREY/Documents/opencv-master/modules/flann/include" /I"C:/Users/ANDREY/Documents/opencv-master/modules/imgproc/include" /I"C:/Users/ANDREY/Documents/opencv-master/modules/highgui/include" /I"C:/Users/ANDREY/Documents/opencv-master/modules/features2d/include" /I"C:/Users/ANDREY/Documents/opencv-master/modules/calib3d/include" /I"C:/Users/ANDREY/Documents/opencv-master/modules/cudaarithm/include" /I"C:/Users/ANDREY/Documents/opencv-master/modules/ml/include" /I"C:/Users/ANDREY/Documents/opencv-master/modules/nonfree/include" /I"C:/Users/ANDREY/Documents/opencv-master/modules/objdetect/include" /I"C:/Users/ANDREY/Documents/opencv-master/modules/video/include" /I"C:/Users/ANDREY/Documents/opencv-master/modules/contrib/include" /I"C:/Users/ANDREY/Documents/opencv-master/modules/cudalegacy/include" /I"C:/Users/ANDREY/Documents/opencv-master/modules/cudawarping/include" /I"C:/Users/ANDREY/Documents/opencv-master/modules/cuda/include" /I"C:/Users/ANDREY/Documents/opencv-master/modules/cudafilters/include" /I"C:/Users/ANDREY/Documents/opencv-master/modules/cudaimgproc/include" /I"C:/Users/ANDREY/Documents/opencv-master/modules/legacy/include" /I"C:/Users/ANDREY/Documents/opencv-master/modules/cudabgsegm/include" /I"C:/Users/ANDREY/Documents/opencv-master/modules/cudacodec/include" /I"C:/Users/ANDREY/Documents/opencv-master/modules/cudafeatures2d/include" /I"C:/Users/ANDREY/Documents/opencv-master/modules/cudaoptflow/include" /I"C:/Users/ANDREY/Documents/opencv-master/modules/cudastereo/include" /I"C:/Users/ANDREY/Documents/opencv-master/modules/optim/include" /I"C:/Users/ANDREY/Documents/opencv-master/modules/photo/include" /I"C:/Users/ANDREY/Documents/opencv-master/modules/shape/include" /I"C:/Users/ANDREY/Documents/opencv-master/modules/softcascade/include" /I"C:/Users/ANDREY/Documents/opencv-master/modules/stitching/include" /I"C:/Users/ANDREY/Documents/opencv-master/modules/superres/include" /I"C:/Users/ANDREY/Documents/opencv-master/modules/ts/include" /I"C:/Users/ANDREY/Documents/opencv-master/modules/videostab/include" /I"C:\Users\ANDREY\Documents\Visual Studio 2010\Projects\TRACKERS\MultitargetTracker4\Tracker" /I"C:\Users\ANDREY\Documents\Visual Studio 2010\Projects\TRACKERS\MultitargetTracker4\Detector" /I"C:\Users\ANDREY\Documents\Visual Studio 2010\Projects\TRACKERS\MultitargetTracker4\HungarianAlg" /I"C:\Users\ANDREY\Documents\Visual Studio 2010\Projects\TRACKERS\MultitargetTracker4\KalmanFilter" /I"C:\Users\ANDREY\Documents\Visual Studio 2010\Projects\TRACKERS\MultitargetTracker4\vibe_src" /nologo /W3 /WX- /O2 /Ob2 /D WIN32 /D _WINDOWS /D NDEBUG /D "CMAKE_INTDIR=\"Release\"" /D _MBCS /Gm- /EHsc /MD /GS /fp:precise /Zc:wchar_t /Zc:forScope /GR /Fo"ObjectTracker.dir\Release\\" /Fd"C:/Users/ANDREY/Documents/Visual Studio 2010/Projects/TRACKERS/MultitargetTracker4/vs2010/Release/ObjectTracker.pdb" /Gd /TP /errorReport:prompt ..\Detector\Detector.cpp ..\main.cpp ..\vibe_src\BackgroundSubtract.cpp ..\vibe_src\VIBE.cpp
         Detector.cpp
         main.cpp
     1>..\main.cpp(43): warning C4305: 'argument' : truncation from 'double' to 'float'
         BackgroundSubtract.cpp
         VIBE.cpp
     1>..\vibe_src\VIBE.cpp(5): warning C4244: 'initializing' : conversion from 'time_t' to 'unsigned int', possible loss of data
     1>..\vibe_src\VIBE.cpp(44): warning C4018: '>=' : signed/unsigned mismatch
     1>..\vibe_src\VIBE.cpp(55): warning C4018: '>=' : signed/unsigned mismatch
     1>..\vibe_src\VIBE.cpp(116): warning C4018: '<' : signed/unsigned mismatch
     1>..\vibe_src\VIBE.cpp(118): warning C4018: '<' : signed/unsigned mismatch
     1>..\vibe_src\VIBE.cpp(129): warning C4018: '<' : signed/unsigned mismatch
     1>..\vibe_src\VIBE.cpp(161): warning C4018: '<=' : signed/unsigned mismatch
     1>..\vibe_src\VIBE.cpp(170): warning C4018: '<=' : signed/unsigned mismatch
     1>..\vibe_src\VIBE.cpp(177): warning C4018: '<=' : signed/unsigned mismatch
     1>..\vibe_src\VIBE.cpp(186): warning C4018: '<=' : signed/unsigned mismatch
     1>..\vibe_src\VIBE.cpp(202): warning C4018: '<=' : signed/unsigned mismatch
     1>..\vibe_src\VIBE.cpp(245): warning C4018: '<=' : signed/unsigned mismatch
         Generating Code...
       Link:
         C:\Program Files (x86)\Microsoft Visual Studio 10.0\VC\bin\x86_amd64\link.exe /ERRORREPORT:PROMPT /OUT:"C:\Users\ANDREY\Documents\Visual Studio 2010\Projects\TRACKERS\MultitargetTracker4\vs2010\Release\ObjectTracker.exe" /INCREMENTAL:NO /NOLOGO kernel32.lib user32.lib gdi32.lib winspool.lib shell32.lib ole32.lib oleaut32.lib uuid.lib comdlg32.lib advapi32.lib "C:\Users\ANDREY\Documents\Visual Studio 2010\Projects\Opencv_64\lib\Release\opencv_videostab300.lib" "C:\Users\ANDREY\Documents\Visual Studio 2010\Projects\Opencv_64\lib\Release\opencv_video300.lib" "C:\Users\ANDREY\Documents\Visual Studio 2010\Projects\Opencv_64\lib\Release\opencv_ts300.lib" "C:\Users\ANDREY\Documents\Visual Studio 2010\Projects\Opencv_64\lib\Release\opencv_superres300.lib" "C:\Users\ANDREY\Documents\Visual Studio 2010\Projects\Opencv_64\lib\Release\opencv_stitching300.lib" "C:\Users\ANDREY\Documents\Visual Studio 2010\Projects\Opencv_64\lib\Release\opencv_softcascade300.lib" "C:\Users\ANDREY\Documents\Visual Studio 2010\Projects\Opencv_64\lib\Release\opencv_shape300.lib" "C:\Users\ANDREY\Documents\Visual Studio 2010\Projects\Opencv_64\lib\Release\opencv_photo300.lib" "C:\Users\ANDREY\Documents\Visual Studio 2010\Projects\Opencv_64\lib\Release\opencv_optim300.lib" "C:\Users\ANDREY\Documents\Visual Studio 2010\Projects\Opencv_64\lib\Release\opencv_objdetect300.lib" "C:\Users\ANDREY\Documents\Visual Studio 2010\Projects\Opencv_64\lib\Release\opencv_nonfree300.lib" "C:\Users\ANDREY\Documents\Visual Studio 2010\Projects\Opencv_64\lib\Release\opencv_ml300.lib" "C:\Users\ANDREY\Documents\Visual Studio 2010\Projects\Opencv_64\lib\Release\opencv_legacy300.lib" "C:\Users\ANDREY\Documents\Visual Studio 2010\Projects\Opencv_64\lib\Release\opencv_imgproc300.lib" "C:\Users\ANDREY\Documents\Visual Studio 2010\Projects\Opencv_64\lib\Release\opencv_highgui300.lib" "C:\Users\ANDREY\Documents\Visual Studio 2010\Projects\Opencv_64\lib\Release\opencv_flann300.lib" "C:\Users\ANDREY\Documents\Visual Studio 2010\Projects\Opencv_64\lib\Release\opencv_features2d300.lib" "C:\Users\ANDREY\Documents\Visual Studio 2010\Projects\Opencv_64\lib\Release\opencv_cudev300.lib" "C:\Users\ANDREY\Documents\Visual Studio 2010\Projects\Opencv_64\lib\Release\opencv_cudawarping300.lib" "C:\Users\ANDREY\Documents\Visual Studio 2010\Projects\Opencv_64\lib\Release\opencv_cudastereo300.lib" "C:\Users\ANDREY\Documents\Visual Studio 2010\Projects\Opencv_64\lib\Release\opencv_cudaoptflow300.lib" "C:\Users\ANDREY\Documents\Visual Studio 2010\Projects\Opencv_64\lib\Release\opencv_cudalegacy300.lib" "C:\Users\ANDREY\Documents\Visual Studio 2010\Projects\Opencv_64\lib\Release\opencv_cudaimgproc300.lib" "C:\Users\ANDREY\Documents\Visual Studio 2010\Projects\Opencv_64\lib\Release\opencv_cudafilters300.lib" "C:\Users\ANDREY\Documents\Visual Studio 2010\Projects\Opencv_64\lib\Release\opencv_cudafeatures2d300.lib" "C:\Users\ANDREY\Documents\Visual Studio 2010\Projects\Opencv_64\lib\Release\opencv_cudacodec300.lib" "C:\Users\ANDREY\Documents\Visual Studio 2010\Projects\Opencv_64\lib\Release\opencv_cudabgsegm300.lib" "C:\Users\ANDREY\Documents\Visual Studio 2010\Projects\Opencv_64\lib\Release\opencv_cudaarithm300.lib" "C:\Users\ANDREY\Documents\Visual Studio 2010\Projects\Opencv_64\lib\Release\opencv_cuda300.lib" "C:\Users\ANDREY\Documents\Visual Studio 2010\Projects\Opencv_64\lib\Release\opencv_core300.lib" "C:\Users\ANDREY\Documents\Visual Studio 2010\Projects\Opencv_64\lib\Release\opencv_contrib300.lib" "C:\Users\ANDREY\Documents\Visual Studio 2010\Projects\Opencv_64\lib\Release\opencv_calib3d300.lib" glu32.lib opengl32.lib "C:\Program Files\NVIDIA GPU Computing Toolkit\CUDA\v5.5\lib\x64\cudart.lib" "C:\Program Files\NVIDIA GPU Computing Toolkit\CUDA\v5.5\lib\x64\nppc.lib" "C:\Program Files\NVIDIA GPU Computing Toolkit\CUDA\v5.5\lib\x64\nppi.lib" "C:\Program Files\NVIDIA GPU Computing Toolkit\CUDA\v5.5\lib\x64\npps.lib" "C:\Program Files\NVIDIA GPU Computing Toolkit\CUDA\v5.5\lib\x64\cufft.lib" "C:\Program Files\NVIDIA GPU Computing Toolkit\CUDA\v5.5\lib\x64\cudart.lib" "C:\Program Files\NVIDIA GPU Computing Toolkit\CUDA\v5.5\lib\x64\nppc.lib" "C:\Program Files\NVIDIA GPU Computing Toolkit\CUDA\v5.5\lib\x64\nppi.lib" "C:\Program Files\NVIDIA GPU Computing Toolkit\CUDA\v5.5\lib\x64\npps.lib" "C:\Program Files\NVIDIA GPU Computing Toolkit\CUDA\v5.5\lib\x64\cufft.lib" "C:\Users\ANDREY\Documents\Visual Studio 2010\Projects\Opencv_64\lib\Release\opencv_cudawarping300.lib" "C:\Users\ANDREY\Documents\Visual Studio 2010\Projects\Opencv_64\lib\Release\opencv_cudalegacy300.lib" "C:\Users\ANDREY\Documents\Visual Studio 2010\Projects\Opencv_64\lib\Release\opencv_legacy300.lib" "C:\Users\ANDREY\Documents\Visual Studio 2010\Projects\Opencv_64\lib\Release\opencv_cudaimgproc300.lib" "C:\Users\ANDREY\Documents\Visual Studio 2010\Projects\Opencv_64\lib\Release\opencv_cudafilters300.lib" "C:\Users\ANDREY\Documents\Visual Studio 2010\Projects\Opencv_64\lib\Release\opencv_video300.lib" "C:\Users\ANDREY\Documents\Visual Studio 2010\Projects\Opencv_64\lib\Release\opencv_objdetect300.lib" "C:\Users\ANDREY\Documents\Visual Studio 2010\Projects\Opencv_64\lib\Release\opencv_nonfree300.lib" "C:\Users\ANDREY\Documents\Visual Studio 2010\Projects\Opencv_64\lib\Release\opencv_ml300.lib" "C:\Users\ANDREY\Documents\Visual Studio 2010\Projects\Opencv_64\lib\Release\opencv_cudaarithm300.lib" "C:\Users\ANDREY\Documents\Visual Studio 2010\Projects\Opencv_64\lib\Release\opencv_calib3d300.lib" "C:\Users\ANDREY\Documents\Visual Studio 2010\Projects\Opencv_64\lib\Release\opencv_features2d300.lib" "C:\Users\ANDREY\Documents\Visual Studio 2010\Projects\Opencv_64\lib\Release\opencv_highgui300.lib" "C:\Users\ANDREY\Documents\Visual Studio 2010\Projects\Opencv_64\lib\Release\opencv_imgproc300.lib" "C:\Users\ANDREY\Documents\Visual Studio 2010\Projects\Opencv_64\lib\Release\opencv_flann300.lib" "C:\Users\ANDREY\Documents\Visual Studio 2010\Projects\Opencv_64\lib\Release\opencv_core300.lib" "C:\Users\ANDREY\Documents\Visual Studio 2010\Projects\Opencv_64\lib\Release\opencv_cudev300.lib" /MANIFEST /ManifestFile:"ObjectTracker.dir\Release\ObjectTracker.exe.intermediate.manifest" /MANIFESTUAC:"level='asInvoker' uiAccess='false'" /PDB:"C:/Users/ANDREY/Documents/Visual Studio 2010/Projects/TRACKERS/MultitargetTracker4/vs2010/Release/ObjectTracker.pdb" /SUBSYSTEM:CONSOLE /TLBID:1 /DYNAMICBASE /NXCOMPAT /IMPLIB:"C:/Users/ANDREY/Documents/Visual Studio 2010/Projects/TRACKERS/MultitargetTracker4/vs2010/Release/ObjectTracker.lib" /MACHINE:X64 ObjectTracker.dir\Release\Detector.obj
         ObjectTracker.dir\Release\HungarianAlg.obj
         ObjectTracker.dir\Release\Kalman.obj
         ObjectTracker.dir\Release\main.obj
         ObjectTracker.dir\Release\Ctracker.obj
         ObjectTracker.dir\Release\BackgroundSubtract.obj
         ObjectTracker.dir\Release\VIBE.obj  /machine:x64 
         ObjectTracker.vcxproj -> C:\Users\ANDREY\Documents\Visual Studio 2010\Projects\TRACKERS\MultitargetTracker4\vs2010\Release\ObjectTracker.exe
       Manifest:
         C:\Program Files (x86)\Microsoft SDKs\Windows\v7.0A\bin\mt.exe /nologo /verbose /outputresource:"C:\Users\ANDREY\Documents\Visual Studio 2010\Projects\TRACKERS\MultitargetTracker4\vs2010\Release\ObjectTracker.exe;#1" /manifest ObjectTracker.dir\Release\ObjectTracker.exe.intermediate.manifest
       FinalizeBuildStatus:
         Deleting file "ObjectTracker.dir\Release\ObjectTracker.unsuccessfulbuild".
         Touching "ObjectTracker.dir\Release\ObjectTracker.lastbuildstate".
     1>Done Building Project "C:\Users\ANDREY\Documents\Visual Studio 2010\Projects\TRACKERS\MultitargetTracker4\vs2010\ObjectTracker.vcxproj" (build target(s)).

Build succeeded.

Time Elapsed 00:00:02.54
