C:\USERS\ANDREY\DOCUMENTS\VISUAL STUDIO 2010\PROJECTS\TRACKERS\MULTITARGETTRACKER4\VS2010\CMAKEFILES\GENERATE.STAMP
C:\USERS\ANDREY\DOCUMENTS\VISUAL STUDIO 2010\PROJECTS\TRACKERS\MULTITARGETTRACKER4\VS2010\OBJECTTRACKER.DIR\RELEASE\BACKGROUNDSUBTRACT.OBJ
C:\Users\ANDREY\Documents\Visual Studio 2010\Projects\TRACKERS\MultitargetTracker4\vs2010\ObjectTracker.dir\Release\cl.command.1.tlog
C:\Users\ANDREY\Documents\Visual Studio 2010\Projects\TRACKERS\MultitargetTracker4\vs2010\ObjectTracker.dir\Release\CL.read.1.tlog
C:\Users\ANDREY\Documents\Visual Studio 2010\Projects\TRACKERS\MultitargetTracker4\vs2010\ObjectTracker.dir\Release\CL.write.1.tlog
C:\USERS\ANDREY\DOCUMENTS\VISUAL STUDIO 2010\PROJECTS\TRACKERS\MULTITARGETTRACKER4\VS2010\OBJECTTRACKER.DIR\RELEASE\CTRACKER.OBJ
C:\Users\ANDREY\Documents\Visual Studio 2010\Projects\TRACKERS\MultitargetTracker4\vs2010\ObjectTracker.dir\Release\custombuild.command.1.tlog
C:\Users\ANDREY\Documents\Visual Studio 2010\Projects\TRACKERS\MultitargetTracker4\vs2010\ObjectTracker.dir\Release\custombuild.read.1.tlog
C:\Users\ANDREY\Documents\Visual Studio 2010\Projects\TRACKERS\MultitargetTracker4\vs2010\ObjectTracker.dir\Release\custombuild.write.1.tlog
C:\USERS\ANDREY\DOCUMENTS\VISUAL STUDIO 2010\PROJECTS\TRACKERS\MULTITARGETTRACKER4\VS2010\OBJECTTRACKER.DIR\RELEASE\DETECTOR.OBJ
C:\USERS\ANDREY\DOCUMENTS\VISUAL STUDIO 2010\PROJECTS\TRACKERS\MULTITARGETTRACKER4\VS2010\OBJECTTRACKER.DIR\RELEASE\HUNGARIANALG.OBJ
C:\USERS\ANDREY\DOCUMENTS\VISUAL STUDIO 2010\PROJECTS\TRACKERS\MULTITARGETTRACKER4\VS2010\OBJECTTRACKER.DIR\RELEASE\KALMAN.OBJ
C:\Users\ANDREY\Documents\Visual Studio 2010\Projects\TRACKERS\MultitargetTracker4\vs2010\ObjectTracker.dir\Release\link.command.1.tlog
C:\Users\ANDREY\Documents\Visual Studio 2010\Projects\TRACKERS\MultitargetTracker4\vs2010\ObjectTracker.dir\Release\link.read.1.tlog
C:\Users\ANDREY\Documents\Visual Studio 2010\Projects\TRACKERS\MultitargetTracker4\vs2010\ObjectTracker.dir\Release\link.write.1.tlog
C:\USERS\ANDREY\DOCUMENTS\VISUAL STUDIO 2010\PROJECTS\TRACKERS\MULTITARGETTRACKER4\VS2010\OBJECTTRACKER.DIR\RELEASE\MAIN.OBJ
C:\Users\ANDREY\Documents\Visual Studio 2010\Projects\TRACKERS\MultitargetTracker4\vs2010\ObjectTracker.dir\Release\mt.command.1.tlog
C:\Users\ANDREY\Documents\Visual Studio 2010\Projects\TRACKERS\MultitargetTracker4\vs2010\ObjectTracker.dir\Release\mt.read.1.tlog
C:\Users\ANDREY\Documents\Visual Studio 2010\Projects\TRACKERS\MultitargetTracker4\vs2010\ObjectTracker.dir\Release\mt.write.1.tlog
C:\USERS\ANDREY\DOCUMENTS\VISUAL STUDIO 2010\PROJECTS\TRACKERS\MULTITARGETTRACKER4\VS2010\OBJECTTRACKER.DIR\RELEASE\OBJECTTRACKER.EXE.INTERMEDIATE.MANIFEST
C:\Users\ANDREY\Documents\Visual Studio 2010\Projects\TRACKERS\MultitargetTracker4\vs2010\ObjectTracker.dir\Release\ObjectTracker.write.1.tlog
C:\USERS\ANDREY\DOCUMENTS\VISUAL STUDIO 2010\PROJECTS\TRACKERS\MULTITARGETTRACKER4\VS2010\OBJECTTRACKER.DIR\RELEASE\VIBE.OBJ
C:\USERS\ANDREY\DOCUMENTS\VISUAL STUDIO 2010\PROJECTS\TRACKERS\MULTITARGETTRACKER4\VS2010\RELEASE\OBJECTTRACKER.EXE
