Build started 26.06.2013 23:05:22.
     1>Project "C:\Users\USER\Documents\Visual Studio 2010\Projects\MultitargetTracker4\vs2010\ObjectTracker.vcxproj" on node 2 (build target(s)).
     1>InitializeBuildStatus:
         Creating "ObjectTracker.dir\Debug\ObjectTracker.unsuccessfulbuild" because "AlwaysCreate" was specified.
       CustomBuild:
         All outputs are up-to-date.
       ClCompile:
         C:\Program Files (x86)\Microsoft Visual Studio 10.0\VC\bin\x86_amd64\CL.exe /c /IC:/Users/USER/Documents/opencv/opencv/modules/core/include /IC:/Users/USER/Documents/opencv/opencv/modules/imgproc/include /IC:/Users/USER/Documents/opencv/opencv/modules/flann/include /IC:/Users/USER/Documents/opencv/opencv/modules/highgui/include /IC:/Users/USER/Documents/opencv/opencv/modules/features2d/include /IC:/Users/USER/Documents/opencv/opencv/modules/calib3d/include /IC:/Users/USER/Documents/opencv/opencv/modules/ml/include /IC:/Users/USER/Documents/opencv/opencv/modules/video/include /IC:/Users/USER/Documents/opencv/opencv/modules/objdetect/include /IC:/Users/USER/Documents/opencv/opencv/modules/contrib/include /IC:/Users/USER/Documents/opencv/opencv/modules/photo/include /IC:/Users/USER/Documents/opencv/opencv/modules/legacy/include /IC:/Users/USER/Documents/opencv/opencv/modules/gpu/include /IC:/Users/USER/Documents/opencv/opencv/modules/ocl/include /IC:/Users/USER/Documents/opencv/opencv/modules/nonfree/include /IC:/Users/USER/Documents/opencv/opencv/modules/softcascade/include /IC:/Users/USER/Documents/opencv/opencv/modules/stitching/include /IC:/Users/USER/Documents/opencv/opencv/modules/superres/include /IC:/Users/USER/Documents/opencv/opencv/modules/ts/include /IC:/Users/USER/Documents/opencv/opencv/modules/videostab/include /I"C:/Users/USER/Documents/Visual Studio 2010/Projects/MultitargetTracker4" /I"c:/Users/USER/Documents/Visual Studio 2010/projects/opencv_64" /IC:/Users/USER/Documents/opencv/opencv/include /IC:/Users/USER/Documents/opencv/opencv/include/opencv /I"C:\Users\USER\Documents\Visual Studio 2010\Projects\MultitargetTracker4\vibe_src" /I"C:\Users\USER\Documents\Visual Studio 2010\Projects\MultitargetTracker4\HungarianAlg_src" /I"C:\Users\USER\Documents\Visual Studio 2010\Projects\MultitargetTracker4\Detector" /I"C:\Users\USER\Documents\Visual Studio 2010\Projects\MultitargetTracker4\Tracker" /Zi /nologo /W3 /WX- /Od /Ob0 /D WIN32 /D _WINDOWS /D _DEBUG /D "CMAKE_INTDIR=\"Debug\"" /D _MBCS /Gm- /EHsc /RTC1 /MDd /GS /fp:precise /Zc:wchar_t /Zc:forScope /GR /Fo"ObjectTracker.dir\Debug\\" /Fd"c:/Users/USER/Documents/Visual Studio 2010/Projects/MultitargetTracker4/vs2010/Debug/ObjectTracker.pdb" /Gd /TP /errorReport:prompt ..\Kalman.cpp  /Zm1000 
         Kalman.cpp
     1>..\Kalman.cpp(79): warning C4305: 'initializing' : truncation from 'double' to 'float'
       ManifestResourceCompile:
         All outputs are up-to-date.
       Link:
         C:\Program Files (x86)\Microsoft Visual Studio 10.0\VC\bin\x86_amd64\link.exe /ERRORREPORT:PROMPT /OUT:"c:\Users\USER\Documents\Visual Studio 2010\Projects\MultitargetTracker4\vs2010\Debug\ObjectTracker.exe" /INCREMENTAL /NOLOGO kernel32.lib user32.lib gdi32.lib winspool.lib shell32.lib ole32.lib oleaut32.lib uuid.lib comdlg32.lib advapi32.lib "c:\Users\USER\Documents\Visual Studio 2010\Projects\opencv_64\lib\Debug\opencv_calib3d249d.lib" "c:\Users\USER\Documents\Visual Studio 2010\Projects\opencv_64\lib\Debug\opencv_contrib249d.lib" "c:\Users\USER\Documents\Visual Studio 2010\Projects\opencv_64\lib\Debug\opencv_core249d.lib" "c:\Users\USER\Documents\Visual Studio 2010\Projects\opencv_64\lib\Debug\opencv_features2d249d.lib" "c:\Users\USER\Documents\Visual Studio 2010\Projects\opencv_64\lib\Debug\opencv_flann249d.lib" "c:\Users\USER\Documents\Visual Studio 2010\Projects\opencv_64\lib\Debug\opencv_gpu249d.lib" "c:\Users\USER\Documents\Visual Studio 2010\Projects\opencv_64\lib\Debug\opencv_highgui249d.lib" "c:\Users\USER\Documents\Visual Studio 2010\Projects\opencv_64\lib\Debug\opencv_imgproc249d.lib" "c:\Users\USER\Documents\Visual Studio 2010\Projects\opencv_64\lib\Debug\opencv_legacy249d.lib" "c:\Users\USER\Documents\Visual Studio 2010\Projects\opencv_64\lib\Debug\opencv_ml249d.lib" "c:\Users\USER\Documents\Visual Studio 2010\Projects\opencv_64\lib\Debug\opencv_nonfree249d.lib" "c:\Users\USER\Documents\Visual Studio 2010\Projects\opencv_64\lib\Debug\opencv_objdetect249d.lib" "c:\Users\USER\Documents\Visual Studio 2010\Projects\opencv_64\lib\Debug\opencv_ocl249d.lib" "c:\Users\USER\Documents\Visual Studio 2010\Projects\opencv_64\lib\Debug\opencv_photo249d.lib" "c:\Users\USER\Documents\Visual Studio 2010\Projects\opencv_64\lib\Debug\opencv_softcascade249d.lib" "c:\Users\USER\Documents\Visual Studio 2010\Projects\opencv_64\lib\Debug\opencv_stitching249d.lib" "c:\Users\USER\Documents\Visual Studio 2010\Projects\opencv_64\lib\Debug\opencv_superres249d.lib" "c:\Users\USER\Documents\Visual Studio 2010\Projects\opencv_64\lib\Debug\opencv_ts249d.lib" "c:\Users\USER\Documents\Visual Studio 2010\Projects\opencv_64\lib\Debug\opencv_video249d.lib" "c:\Users\USER\Documents\Visual Studio 2010\Projects\opencv_64\lib\Debug\opencv_videostab249d.lib" /MANIFEST /ManifestFile:"ObjectTracker.dir\Debug\ObjectTracker.exe.intermediate.manifest" /MANIFESTUAC:"level='asInvoker' uiAccess='false'" /DEBUG /PDB:"c:/Users/USER/Documents/Visual Studio 2010/Projects/MultitargetTracker4/vs2010/Debug/ObjectTracker.pdb" /SUBSYSTEM:CONSOLE /STACK:"10000000" /TLBID:1 /DYNAMICBASE /NXCOMPAT /IMPLIB:"c:/Users/USER/Documents/Visual Studio 2010/Projects/MultitargetTracker4/vs2010/Debug/ObjectTracker.lib" /MACHINE:X64 ObjectTracker.dir\Debug\ObjectTracker.exe.embed.manifest.res
         ObjectTracker.dir\Debug\Detector.obj
         ObjectTracker.dir\Debug\HungarianAlg.obj
         ObjectTracker.dir\Debug\Kalman.obj
         ObjectTracker.dir\Debug\main.obj
         ObjectTracker.dir\Debug\Ctracker.obj
         ObjectTracker.dir\Debug\BackgroundSubtract.obj
         ObjectTracker.dir\Debug\VIBE.obj  /machine:x64 /debug 
         ObjectTracker.vcxproj -> c:\Users\USER\Documents\Visual Studio 2010\Projects\MultitargetTracker4\vs2010\Debug\ObjectTracker.exe
       Manifest:
         C:\Program Files (x86)\Microsoft SDKs\Windows\v7.0A\bin\mt.exe /nologo /verbose /out:"ObjectTracker.dir\Debug\ObjectTracker.exe.embed.manifest" /manifest ObjectTracker.dir\Debug\ObjectTracker.exe.intermediate.manifest
         All outputs are up-to-date.
       LinkEmbedManifest:
         All outputs are up-to-date.
         ObjectTracker.vcxproj -> c:\Users\USER\Documents\Visual Studio 2010\Projects\MultitargetTracker4\vs2010\Debug\ObjectTracker.exe
       FinalizeBuildStatus:
         Deleting file "ObjectTracker.dir\Debug\ObjectTracker.unsuccessfulbuild".
         Touching "ObjectTracker.dir\Debug\ObjectTracker.lastbuildstate".
     1>Done Building Project "C:\Users\USER\Documents\Visual Studio 2010\Projects\MultitargetTracker4\vs2010\ObjectTracker.vcxproj" (build target(s)).

Build succeeded.

Time Elapsed 00:00:01.24
